<?xml version="1.0" encoding="UTF-8"?>
<!-- Generated by org.testng.reporters.JUnitXMLReporter -->
<testsuite ignored="0" hostname="DESKTOP-O7IT7FG" failures="1" tests="1" name="Arena Test" time="149.357" errors="0" timestamp="2022-07-28T00:22:20 IST">
  <testcase classname="com.arena.testCases.TC_013_SNC_Form_Config1" name="SNCConfig1" time="120.217">
    <failure type="junit.framework.AssertionFailedError">
      <![CDATA[junit.framework.AssertionFailedError
at junit.framework.Assert.fail(Assert.java:47)
at junit.framework.Assert.assertTrue(Assert.java:20)
at junit.framework.Assert.assertTrue(Assert.java:27)
at com.arena.testCases.TC_013_SNC_Form_Config1.SNCConfig1(TC_013_SNC_Form_Config1.java:111)
at java.base/java.util.ArrayList.forEach(ArrayList.java:1511)
... Removed 25 stack frames]]>
    </failure>
  </testcase> <!-- SNCConfig1 -->
</testsuite> <!-- Arena Test -->
