<?xml version="1.0" encoding="UTF-8"?>
<testng-results ignored="0" total="1" passed="1" failed="0" skipped="0">
  <reporter-output>
  </reporter-output>
  <suite started-at="2022-07-12T18:27:36 IST" name="InncirclesArenaV1" finished-at="2022-07-12T18:28:25 IST" duration-ms="49413">
    <groups>
    </groups>
    <test started-at="2022-07-12T18:27:36 IST" name="Arena Test" finished-at="2022-07-12T18:28:25 IST" duration-ms="49413">
      <class name="com.arena.testCases.TC_005_RFI">
        <test-method is-config="true" signature="setup(java.lang.String)[pri:0, instance:com.arena.testCases.TC_005_RFI@31304f14]" started-at="2022-07-12T18:27:36 IST" name="setup" finished-at="2022-07-12T18:27:44 IST" duration-ms="8349" status="PASS">
          <params>
            <param index="0">
              <value>
                <![CDATA[chrome]]>
              </value>
            </param>
          </params>
          <reporter-output>
          </reporter-output>
        </test-method> <!-- setup -->
        <test-method signature="newRFIForm()[pri:0, instance:com.arena.testCases.TC_005_RFI@31304f14]" started-at="2022-07-12T18:27:44 IST" name="newRFIForm" finished-at="2022-07-12T18:28:25 IST" duration-ms="40260" status="PASS">
          <reporter-output>
          </reporter-output>
        </test-method> <!-- newRFIForm -->
        <test-method is-config="true" signature="tearDown()[pri:0, instance:com.arena.testCases.TC_005_RFI@31304f14]" started-at="2022-07-12T18:28:25 IST" name="tearDown" finished-at="2022-07-12T18:28:25 IST" duration-ms="628" status="PASS">
          <reporter-output>
          </reporter-output>
        </test-method> <!-- tearDown -->
      </class> <!-- com.arena.testCases.TC_005_RFI -->
    </test> <!-- Arena Test -->
  </suite> <!-- InncirclesArenaV1 -->
</testng-results>
