<?xml version="1.0" encoding="UTF-8"?>
<testng-results ignored="0" total="1" passed="0" failed="1" skipped="0">
  <reporter-output>
  </reporter-output>
  <suite started-at="2022-07-28T00:19:51 IST" name="InncirclesArenaV1" finished-at="2022-07-28T00:22:20 IST" duration-ms="149357">
    <groups>
    </groups>
    <test started-at="2022-07-28T00:19:51 IST" name="Arena Test" finished-at="2022-07-28T00:22:20 IST" duration-ms="149357">
      <class name="com.arena.testCases.TC_013_SNC_Form_Config1">
        <test-method is-config="true" signature="setup(java.lang.String)[pri:0, instance:com.arena.testCases.TC_013_SNC_Form_Config1@78b66d36]" started-at="2022-07-28T00:19:51 IST" name="setup" finished-at="2022-07-28T00:20:20 IST" duration-ms="28684" status="PASS">
          <params>
            <param index="0">
              <value>
                <![CDATA[chrome]]>
              </value>
            </param>
          </params>
          <reporter-output>
          </reporter-output>
        </test-method> <!-- setup -->
        <test-method signature="SNCConfig1()[pri:0, instance:com.arena.testCases.TC_013_SNC_Form_Config1@78b66d36]" started-at="2022-07-28T00:20:20 IST" name="SNCConfig1" finished-at="2022-07-28T00:22:20 IST" duration-ms="120217" status="FAIL">
          <exception class="junit.framework.AssertionFailedError">
            <full-stacktrace>
              <![CDATA[junit.framework.AssertionFailedError
at junit.framework.Assert.fail(Assert.java:47)
at junit.framework.Assert.assertTrue(Assert.java:20)
at junit.framework.Assert.assertTrue(Assert.java:27)
at com.arena.testCases.TC_013_SNC_Form_Config1.SNCConfig1(TC_013_SNC_Form_Config1.java:111)
at java.base/jdk.internal.reflect.DirectMethodHandleAccessor.invoke(DirectMethodHandleAccessor.java:104)
at java.base/java.lang.reflect.Method.invoke(Method.java:577)
at org.testng.internal.MethodInvocationHelper.invokeMethod(MethodInvocationHelper.java:134)
at org.testng.internal.TestInvoker.invokeMethod(TestInvoker.java:597)
at org.testng.internal.TestInvoker.invokeTestMethod(TestInvoker.java:173)
at org.testng.internal.MethodRunner.runInSequence(MethodRunner.java:46)
at org.testng.internal.TestInvoker$MethodInvocationAgent.invoke(TestInvoker.java:816)
at org.testng.internal.TestInvoker.invokeTestMethods(TestInvoker.java:146)
at org.testng.internal.TestMethodWorker.invokeTestMethods(TestMethodWorker.java:146)
at org.testng.internal.TestMethodWorker.run(TestMethodWorker.java:128)
at java.base/java.util.ArrayList.forEach(ArrayList.java:1511)
at org.testng.TestRunner.privateRun(TestRunner.java:766)
at org.testng.TestRunner.run(TestRunner.java:587)
at org.testng.SuiteRunner.runTest(SuiteRunner.java:384)
at org.testng.SuiteRunner.runSequentially(SuiteRunner.java:378)
at org.testng.SuiteRunner.privateRun(SuiteRunner.java:337)
at org.testng.SuiteRunner.run(SuiteRunner.java:286)
at org.testng.SuiteRunnerWorker.runSuite(SuiteRunnerWorker.java:53)
at org.testng.SuiteRunnerWorker.run(SuiteRunnerWorker.java:96)
at org.testng.TestNG.runSuitesSequentially(TestNG.java:1187)
at org.testng.TestNG.runSuitesLocally(TestNG.java:1109)
at org.testng.TestNG.runSuites(TestNG.java:1039)
at org.testng.TestNG.run(TestNG.java:1007)
at org.testng.remote.AbstractRemoteTestNG.run(AbstractRemoteTestNG.java:115)
at org.testng.remote.RemoteTestNG.initAndRun(RemoteTestNG.java:251)
at org.testng.remote.RemoteTestNG.main(RemoteTestNG.java:77)
]]>
            </full-stacktrace>
          </exception> <!-- junit.framework.AssertionFailedError -->
          <reporter-output>
          </reporter-output>
        </test-method> <!-- SNCConfig1 -->
        <test-method is-config="true" signature="tearDown()[pri:0, instance:com.arena.testCases.TC_013_SNC_Form_Config1@78b66d36]" started-at="2022-07-28T00:22:20 IST" name="tearDown" finished-at="2022-07-28T00:22:20 IST" duration-ms="251" status="PASS">
          <reporter-output>
          </reporter-output>
        </test-method> <!-- tearDown -->
      </class> <!-- com.arena.testCases.TC_013_SNC_Form_Config1 -->
    </test> <!-- Arena Test -->
  </suite> <!-- InncirclesArenaV1 -->
</testng-results>
